<?xml version="1.0" encoding="UTF-8"?>
<!-- Generated by org.testng.reporters.JUnitReportReporter -->
<testsuite skipped="0" hostname="Suman" name="signpackage.SignTest" tests="2" failures="0" timestamp="08 Aug 2019 18:20:12 GMT" time="21.776" errors="0">
  <testcase name="case1" time="7.507" classname="signpackage.SignTest"/>
  <testcase name="case3" time="14.269" classname="signpackage.SignTest"/>
</testsuite> <!-- signpackage.SignTest -->
